<?xml version="1.0" encoding="UTF-8"?>
<testsuite xmlns:xsi="http://www.w3.org/2001/XMLSchema-instance" xsi:noNamespaceSchemaLocation="https://maven.apache.org/surefire/maven-surefire-plugin/xsd/surefire-test-report.xsd" version="3.0.2" name="TestSuite" time="8.529" tests="4" errors="0" skipped="0" failures="0">
  <properties>
    <property name="java.specification.version" value="21"/>
    <property name="sun.cpu.isalist" value="amd64"/>
    <property name="sun.jnu.encoding" value="Cp1252"/>
    <property name="java.class.path" value="F:\Eclipse\New Eclipse\PetStroreAutomationAPI\target\test-classes;F:\Eclipse\New Eclipse\PetStroreAutomationAPI\target\classes;C:\Users\monik\.m2\repository\io\rest-assured\rest-assured\5.5.5\rest-assured-5.5.5.jar;C:\Users\monik\.m2\repository\org\apache\groovy\groovy\4.0.22\groovy-4.0.22.jar;C:\Users\monik\.m2\repository\org\apache\groovy\groovy-xml\4.0.22\groovy-xml-4.0.22.jar;C:\Users\monik\.m2\repository\org\apache\httpcomponents\httpclient\4.5.13\httpclient-4.5.13.jar;C:\Users\monik\.m2\repository\org\apache\httpcomponents\httpcore\4.4.13\httpcore-4.4.13.jar;C:\Users\monik\.m2\repository\commons-logging\commons-logging\1.2\commons-logging-1.2.jar;C:\Users\monik\.m2\repository\commons-codec\commons-codec\1.11\commons-codec-1.11.jar;C:\Users\monik\.m2\repository\org\apache\httpcomponents\httpmime\4.5.13\httpmime-4.5.13.jar;C:\Users\monik\.m2\repository\org\ccil\cowan\tagsoup\tagsoup\1.2.1\tagsoup-1.2.1.jar;C:\Users\monik\.m2\repository\org\projectlombok\lombok\1.18.30\lombok-1.18.30.jar;C:\Users\monik\.m2\repository\org\hamcrest\hamcrest\2.2\hamcrest-2.2.jar;C:\Users\monik\.m2\repository\io\rest-assured\json-path\5.3.1\json-path-5.3.1.jar;C:\Users\monik\.m2\repository\org\apache\groovy\groovy-json\4.0.11\groovy-json-4.0.11.jar;C:\Users\monik\.m2\repository\io\rest-assured\rest-assured-common\5.3.1\rest-assured-common-5.3.1.jar;C:\Users\monik\.m2\repository\io\rest-assured\xml-path\5.3.1\xml-path-5.3.1.jar;C:\Users\monik\.m2\repository\org\apache\commons\commons-lang3\3.11\commons-lang3-3.11.jar;C:\Users\monik\.m2\repository\org\testng\testng\7.9.0\testng-7.9.0.jar;C:\Users\monik\.m2\repository\org\slf4j\slf4j-api\1.7.36\slf4j-api-1.7.36.jar;C:\Users\monik\.m2\repository\com\beust\jcommander\1.82\jcommander-1.82.jar;C:\Users\monik\.m2\repository\org\webjars\jquery\3.7.1\jquery-3.7.1.jar;C:\Users\monik\.m2\repository\com\fasterxml\jackson\core\jackson-databind\2.17.0\jackson-databind-2.17.0.jar;C:\Users\monik\.m2\repository\com\fasterxml\jackson\core\jackson-annotations\2.17.0\jackson-annotations-2.17.0.jar;C:\Users\monik\.m2\repository\com\fasterxml\jackson\core\jackson-core\2.17.0\jackson-core-2.17.0.jar;C:\Users\monik\.m2\repository\net\bytebuddy\byte-buddy\1.14.9\byte-buddy-1.14.9.jar;C:\Users\monik\.m2\repository\io\rest-assured\json-schema-validator\5.3.1\json-schema-validator-5.3.1.jar;C:\Users\monik\.m2\repository\com\github\java-json-tools\json-schema-validator\2.2.14\json-schema-validator-2.2.14.jar;C:\Users\monik\.m2\repository\com\github\java-json-tools\jackson-coreutils-equivalence\1.0\jackson-coreutils-equivalence-1.0.jar;C:\Users\monik\.m2\repository\com\github\java-json-tools\jackson-coreutils\2.0\jackson-coreutils-2.0.jar;C:\Users\monik\.m2\repository\com\github\java-json-tools\msg-simple\1.2\msg-simple-1.2.jar;C:\Users\monik\.m2\repository\com\github\java-json-tools\btf\1.3\btf-1.3.jar;C:\Users\monik\.m2\repository\com\github\java-json-tools\json-schema-core\1.2.14\json-schema-core-1.2.14.jar;C:\Users\monik\.m2\repository\com\github\java-json-tools\uri-template\0.10\uri-template-0.10.jar;C:\Users\monik\.m2\repository\org\mozilla\rhino\1.7.7.2\rhino-1.7.7.2.jar;C:\Users\monik\.m2\repository\com\sun\mail\mailapi\1.6.2\mailapi-1.6.2.jar;C:\Users\monik\.m2\repository\joda-time\joda-time\2.10.5\joda-time-2.10.5.jar;C:\Users\monik\.m2\repository\com\googlecode\libphonenumber\libphonenumber\8.11.1\libphonenumber-8.11.1.jar;C:\Users\monik\.m2\repository\com\google\code\findbugs\jsr305\3.0.2\jsr305-3.0.2.jar;C:\Users\monik\.m2\repository\net\sf\jopt-simple\jopt-simple\5.0.4\jopt-simple-5.0.4.jar;C:\Users\monik\.m2\repository\com\google\guava\guava\32.0.1-jre\guava-32.0.1-jre.jar;C:\Users\monik\.m2\repository\com\google\guava\failureaccess\1.0.1\failureaccess-1.0.1.jar;C:\Users\monik\.m2\repository\com\google\guava\listenablefuture\9999.0-empty-to-avoid-conflict-with-guava\listenablefuture-9999.0-empty-to-avoid-conflict-with-guava.jar;C:\Users\monik\.m2\repository\org\checkerframework\checker-qual\3.33.0\checker-qual-3.33.0.jar;C:\Users\monik\.m2\repository\com\google\errorprone\error_prone_annotations\2.18.0\error_prone_annotations-2.18.0.jar;C:\Users\monik\.m2\repository\com\google\j2objc\j2objc-annotations\2.8\j2objc-annotations-2.8.jar;C:\Users\monik\.m2\repository\com\aventstack\extentreports\5.1.1\extentreports-5.1.1.jar;C:\Users\monik\.m2\repository\io\reactivex\rxjava3\rxjava\3.1.6\rxjava-3.1.6.jar;C:\Users\monik\.m2\repository\org\reactivestreams\reactive-streams\1.0.4\reactive-streams-1.0.4.jar;C:\Users\monik\.m2\repository\org\freemarker\freemarker\2.3.32\freemarker-2.3.32.jar;C:\Users\monik\.m2\repository\com\google\code\gson\gson\2.10.1\gson-2.10.1.jar;C:\Users\monik\.m2\repository\commons-io\commons-io\2.15.1\commons-io-2.15.1.jar;C:\Users\monik\.m2\repository\org\apache\poi\poi-ooxml\5.2.5\poi-ooxml-5.2.5.jar;C:\Users\monik\.m2\repository\org\apache\poi\poi\5.2.5\poi-5.2.5.jar;C:\Users\monik\.m2\repository\org\apache\commons\commons-math3\3.6.1\commons-math3-3.6.1.jar;C:\Users\monik\.m2\repository\com\zaxxer\SparseBitSet\1.3\SparseBitSet-1.3.jar;C:\Users\monik\.m2\repository\org\apache\poi\poi-ooxml-lite\5.2.5\poi-ooxml-lite-5.2.5.jar;C:\Users\monik\.m2\repository\org\apache\xmlbeans\xmlbeans\5.2.0\xmlbeans-5.2.0.jar;C:\Users\monik\.m2\repository\org\apache\commons\commons-compress\1.25.0\commons-compress-1.25.0.jar;C:\Users\monik\.m2\repository\com\github\virtuald\curvesapi\1.08\curvesapi-1.08.jar;C:\Users\monik\.m2\repository\org\apache\commons\commons-collections4\4.4\commons-collections4-4.4.jar;C:\Users\monik\.m2\repository\log4j\log4j\1.2.17\log4j-1.2.17.jar;C:\Users\monik\.m2\repository\com\github\javafaker\javafaker\1.0.2\javafaker-1.0.2.jar;C:\Users\monik\.m2\repository\org\yaml\snakeyaml\1.23\snakeyaml-1.23-android.jar;C:\Users\monik\.m2\repository\com\github\mifmif\generex\1.0.2\generex-1.0.2.jar;C:\Users\monik\.m2\repository\dk\brics\automaton\automaton\1.11-8\automaton-1.11-8.jar;C:\Users\monik\.m2\repository\org\apache\logging\log4j\log4j-slf4j-impl\2.20.0\log4j-slf4j-impl-2.20.0.jar;C:\Users\monik\.m2\repository\org\apache\logging\log4j\log4j-core\2.20.0\log4j-core-2.20.0.jar;C:\Users\monik\.m2\repository\org\apache\logging\log4j\log4j-api\2.20.0\log4j-api-2.20.0.jar;"/>
    <property name="java.vm.vendor" value="Oracle Corporation"/>
    <property name="sun.arch.data.model" value="64"/>
    <property name="user.variant" value=""/>
    <property name="java.vendor.url" value="https://java.oracle.com/"/>
    <property name="user.timezone" value="Asia/Calcutta"/>
    <property name="os.name" value="Windows 11"/>
    <property name="java.vm.specification.version" value="21"/>
    <property name="sun.java.launcher" value="SUN_STANDARD"/>
    <property name="user.country" value="IN"/>
    <property name="sun.boot.library.path" value="C:\Program Files\Java\jdk-21\bin"/>
    <property name="sun.java.command" value="C:\Users\monik\AppData\Local\Temp\surefire3186313559581444589\surefirebooter-20250725134429415_3.jar C:\Users\monik\AppData\Local\Temp\surefire3186313559581444589 2025-07-25T13-44-29_193-jvmRun1 surefire-20250725134429415_1tmp surefire_0-20250725134429415_2tmp"/>
    <property name="jdk.debug" value="release"/>
    <property name="surefire.test.class.path" value="F:\Eclipse\New Eclipse\PetStroreAutomationAPI\target\test-classes;F:\Eclipse\New Eclipse\PetStroreAutomationAPI\target\classes;C:\Users\monik\.m2\repository\io\rest-assured\rest-assured\5.5.5\rest-assured-5.5.5.jar;C:\Users\monik\.m2\repository\org\apache\groovy\groovy\4.0.22\groovy-4.0.22.jar;C:\Users\monik\.m2\repository\org\apache\groovy\groovy-xml\4.0.22\groovy-xml-4.0.22.jar;C:\Users\monik\.m2\repository\org\apache\httpcomponents\httpclient\4.5.13\httpclient-4.5.13.jar;C:\Users\monik\.m2\repository\org\apache\httpcomponents\httpcore\4.4.13\httpcore-4.4.13.jar;C:\Users\monik\.m2\repository\commons-logging\commons-logging\1.2\commons-logging-1.2.jar;C:\Users\monik\.m2\repository\commons-codec\commons-codec\1.11\commons-codec-1.11.jar;C:\Users\monik\.m2\repository\org\apache\httpcomponents\httpmime\4.5.13\httpmime-4.5.13.jar;C:\Users\monik\.m2\repository\org\ccil\cowan\tagsoup\tagsoup\1.2.1\tagsoup-1.2.1.jar;C:\Users\monik\.m2\repository\org\projectlombok\lombok\1.18.30\lombok-1.18.30.jar;C:\Users\monik\.m2\repository\org\hamcrest\hamcrest\2.2\hamcrest-2.2.jar;C:\Users\monik\.m2\repository\io\rest-assured\json-path\5.3.1\json-path-5.3.1.jar;C:\Users\monik\.m2\repository\org\apache\groovy\groovy-json\4.0.11\groovy-json-4.0.11.jar;C:\Users\monik\.m2\repository\io\rest-assured\rest-assured-common\5.3.1\rest-assured-common-5.3.1.jar;C:\Users\monik\.m2\repository\io\rest-assured\xml-path\5.3.1\xml-path-5.3.1.jar;C:\Users\monik\.m2\repository\org\apache\commons\commons-lang3\3.11\commons-lang3-3.11.jar;C:\Users\monik\.m2\repository\org\testng\testng\7.9.0\testng-7.9.0.jar;C:\Users\monik\.m2\repository\org\slf4j\slf4j-api\1.7.36\slf4j-api-1.7.36.jar;C:\Users\monik\.m2\repository\com\beust\jcommander\1.82\jcommander-1.82.jar;C:\Users\monik\.m2\repository\org\webjars\jquery\3.7.1\jquery-3.7.1.jar;C:\Users\monik\.m2\repository\com\fasterxml\jackson\core\jackson-databind\2.17.0\jackson-databind-2.17.0.jar;C:\Users\monik\.m2\repository\com\fasterxml\jackson\core\jackson-annotations\2.17.0\jackson-annotations-2.17.0.jar;C:\Users\monik\.m2\repository\com\fasterxml\jackson\core\jackson-core\2.17.0\jackson-core-2.17.0.jar;C:\Users\monik\.m2\repository\net\bytebuddy\byte-buddy\1.14.9\byte-buddy-1.14.9.jar;C:\Users\monik\.m2\repository\io\rest-assured\json-schema-validator\5.3.1\json-schema-validator-5.3.1.jar;C:\Users\monik\.m2\repository\com\github\java-json-tools\json-schema-validator\2.2.14\json-schema-validator-2.2.14.jar;C:\Users\monik\.m2\repository\com\github\java-json-tools\jackson-coreutils-equivalence\1.0\jackson-coreutils-equivalence-1.0.jar;C:\Users\monik\.m2\repository\com\github\java-json-tools\jackson-coreutils\2.0\jackson-coreutils-2.0.jar;C:\Users\monik\.m2\repository\com\github\java-json-tools\msg-simple\1.2\msg-simple-1.2.jar;C:\Users\monik\.m2\repository\com\github\java-json-tools\btf\1.3\btf-1.3.jar;C:\Users\monik\.m2\repository\com\github\java-json-tools\json-schema-core\1.2.14\json-schema-core-1.2.14.jar;C:\Users\monik\.m2\repository\com\github\java-json-tools\uri-template\0.10\uri-template-0.10.jar;C:\Users\monik\.m2\repository\org\mozilla\rhino\1.7.7.2\rhino-1.7.7.2.jar;C:\Users\monik\.m2\repository\com\sun\mail\mailapi\1.6.2\mailapi-1.6.2.jar;C:\Users\monik\.m2\repository\joda-time\joda-time\2.10.5\joda-time-2.10.5.jar;C:\Users\monik\.m2\repository\com\googlecode\libphonenumber\libphonenumber\8.11.1\libphonenumber-8.11.1.jar;C:\Users\monik\.m2\repository\com\google\code\findbugs\jsr305\3.0.2\jsr305-3.0.2.jar;C:\Users\monik\.m2\repository\net\sf\jopt-simple\jopt-simple\5.0.4\jopt-simple-5.0.4.jar;C:\Users\monik\.m2\repository\com\google\guava\guava\32.0.1-jre\guava-32.0.1-jre.jar;C:\Users\monik\.m2\repository\com\google\guava\failureaccess\1.0.1\failureaccess-1.0.1.jar;C:\Users\monik\.m2\repository\com\google\guava\listenablefuture\9999.0-empty-to-avoid-conflict-with-guava\listenablefuture-9999.0-empty-to-avoid-conflict-with-guava.jar;C:\Users\monik\.m2\repository\org\checkerframework\checker-qual\3.33.0\checker-qual-3.33.0.jar;C:\Users\monik\.m2\repository\com\google\errorprone\error_prone_annotations\2.18.0\error_prone_annotations-2.18.0.jar;C:\Users\monik\.m2\repository\com\google\j2objc\j2objc-annotations\2.8\j2objc-annotations-2.8.jar;C:\Users\monik\.m2\repository\com\aventstack\extentreports\5.1.1\extentreports-5.1.1.jar;C:\Users\monik\.m2\repository\io\reactivex\rxjava3\rxjava\3.1.6\rxjava-3.1.6.jar;C:\Users\monik\.m2\repository\org\reactivestreams\reactive-streams\1.0.4\reactive-streams-1.0.4.jar;C:\Users\monik\.m2\repository\org\freemarker\freemarker\2.3.32\freemarker-2.3.32.jar;C:\Users\monik\.m2\repository\com\google\code\gson\gson\2.10.1\gson-2.10.1.jar;C:\Users\monik\.m2\repository\commons-io\commons-io\2.15.1\commons-io-2.15.1.jar;C:\Users\monik\.m2\repository\org\apache\poi\poi-ooxml\5.2.5\poi-ooxml-5.2.5.jar;C:\Users\monik\.m2\repository\org\apache\poi\poi\5.2.5\poi-5.2.5.jar;C:\Users\monik\.m2\repository\org\apache\commons\commons-math3\3.6.1\commons-math3-3.6.1.jar;C:\Users\monik\.m2\repository\com\zaxxer\SparseBitSet\1.3\SparseBitSet-1.3.jar;C:\Users\monik\.m2\repository\org\apache\poi\poi-ooxml-lite\5.2.5\poi-ooxml-lite-5.2.5.jar;C:\Users\monik\.m2\repository\org\apache\xmlbeans\xmlbeans\5.2.0\xmlbeans-5.2.0.jar;C:\Users\monik\.m2\repository\org\apache\commons\commons-compress\1.25.0\commons-compress-1.25.0.jar;C:\Users\monik\.m2\repository\com\github\virtuald\curvesapi\1.08\curvesapi-1.08.jar;C:\Users\monik\.m2\repository\org\apache\commons\commons-collections4\4.4\commons-collections4-4.4.jar;C:\Users\monik\.m2\repository\log4j\log4j\1.2.17\log4j-1.2.17.jar;C:\Users\monik\.m2\repository\com\github\javafaker\javafaker\1.0.2\javafaker-1.0.2.jar;C:\Users\monik\.m2\repository\org\yaml\snakeyaml\1.23\snakeyaml-1.23-android.jar;C:\Users\monik\.m2\repository\com\github\mifmif\generex\1.0.2\generex-1.0.2.jar;C:\Users\monik\.m2\repository\dk\brics\automaton\automaton\1.11-8\automaton-1.11-8.jar;C:\Users\monik\.m2\repository\org\apache\logging\log4j\log4j-slf4j-impl\2.20.0\log4j-slf4j-impl-2.20.0.jar;C:\Users\monik\.m2\repository\org\apache\logging\log4j\log4j-core\2.20.0\log4j-core-2.20.0.jar;C:\Users\monik\.m2\repository\org\apache\logging\log4j\log4j-api\2.20.0\log4j-api-2.20.0.jar;"/>
    <property name="sun.cpu.endian" value="little"/>
    <property name="user.home" value="C:\Users\monik"/>
    <property name="user.language" value="en"/>
    <property name="java.specification.vendor" value="Oracle Corporation"/>
    <property name="java.version.date" value="2025-01-21"/>
    <property name="java.home" value="C:\Program Files\Java\jdk-21"/>
    <property name="file.separator" value="\"/>
    <property name="basedir" value="F:\Eclipse\New Eclipse\PetStroreAutomationAPI"/>
    <property name="style.color" value="always"/>
    <property name="java.vm.compressedOopsMode" value="Zero based"/>
    <property name="line.separator" value="&#10;"/>
    <property name="java.vm.specification.vendor" value="Oracle Corporation"/>
    <property name="java.specification.name" value="Java Platform API Specification"/>
    <property name="surefire.real.class.path" value="C:\Users\monik\AppData\Local\Temp\surefire3186313559581444589\surefirebooter-20250725134429415_3.jar"/>
    <property name="user.script" value=""/>
    <property name="sun.management.compiler" value="HotSpot 64-Bit Tiered Compilers"/>
    <property name="java.runtime.version" value="21.0.6+8-LTS-188"/>
    <property name="user.name" value="monik"/>
    <property name="stdout.encoding" value="Cp1252"/>
    <property name="path.separator" value=";"/>
    <property name="os.version" value="10.0"/>
    <property name="java.runtime.name" value="Java(TM) SE Runtime Environment"/>
    <property name="file.encoding" value="UTF-8"/>
    <property name="java.vm.name" value="Java HotSpot(TM) 64-Bit Server VM"/>
    <property name="localRepository" value="C:\Users\monik\.m2\repository"/>
    <property name="java.vendor.url.bug" value="https://bugreport.java.com/bugreport/"/>
    <property name="java.io.tmpdir" value="C:\Users\monik\AppData\Local\Temp\"/>
    <property name="java.version" value="21.0.6"/>
    <property name="user.dir" value="F:\Eclipse\New Eclipse\PetStroreAutomationAPI"/>
    <property name="os.arch" value="amd64"/>
    <property name="java.vm.specification.name" value="Java Virtual Machine Specification"/>
    <property name="sun.os.patch.level" value=""/>
    <property name="native.encoding" value="Cp1252"/>
    <property name="java.library.path" value="C:\Program Files\Java\jdk-21\bin;C:\WINDOWS\Sun\Java\bin;C:\WINDOWS\system32;C:\WINDOWS;C:/Users/monik/.p2/pool/plugins/org.eclipse.justj.openjdk.hotspot.jre.full.win32.x86_64_21.0.6.v20250130-0529/jre/bin/server;C:/Users/monik/.p2/pool/plugins/org.eclipse.justj.openjdk.hotspot.jre.full.win32.x86_64_21.0.6.v20250130-0529/jre/bin;C:\Program Files\Common Files\Oracle\Java\javapath;C:\WINDOWS\system32;C:\WINDOWS;C:\WINDOWS\System32\Wbem;C:\WINDOWS\System32\WindowsPowerShell\v1.0\;C:\WINDOWS\System32\OpenSSH\;C:\Program Files\Java\jdk-21\bin;D:\Latest Software\Andriod sdk\cmdline-tools\Latest\bin;C:\Program Files\nodejs\;D:\Latest Software\Andriod sdk\platform-tools;C:\Program Files\apache-maven-3.9.9-bin\apache-maven-3.9.9\bin;C:\Program Files\Git\cmd;C:\selenium webdriver\apache-maven-3.9.11\bin;C:\Users\monik\AppData\Local\Microsoft\WindowsApps;C:\Users\monik\AppData\Local\Programs\Microsoft VS Code;C:\Users\monik\AppData\Roaming\npm;C:\Users\monik\AppData\Local\Programs\Microsoft VS Code\bin;C:\WINDOWS\System32;;."/>
    <property name="java.vm.info" value="mixed mode, sharing"/>
    <property name="stderr.encoding" value="Cp1252"/>
    <property name="java.vendor" value="Oracle Corporation"/>
    <property name="java.vm.version" value="21.0.6+8-LTS-188"/>
    <property name="sun.io.unicode.encoding" value="UnicodeLittle"/>
    <property name="java.class.version" value="65.0"/>
  </properties>
  <testcase name="testPostUser" classname="api.test.UserTest" time="4.48">
    <system-out><![CDATA[HTTP/1.1 201 Created
Date: Fri, 25 Jul 2025 08:14:35 GMT
Content-Type: application/json; charset=utf-8
Content-Length: 98
Connection: keep-alive
CF-RAY: 964a3459ee147f3a-MAA
Access-Control-Allow-Origin: *
Etag: W/"62-ZRYURwfjuEWBM2bT9nramAJJ0T4"
Nel: {"report_to":"heroku-nel","response_headers":["Via"],"max_age":3600,"success_fraction":0.01,"failure_fraction":0.1}
Ratelimit-Limit: 100
Ratelimit-Policy: 100;w=60
Ratelimit-Remaining: 98
Ratelimit-Reset: 60
Referrer-Policy: strict-origin-when-cross-origin
Report-To: {"group":"heroku-nel","endpoints":[{"url":"https://nel.heroku.com/reports?s=9JqYdt4ZA%2FJkIMz5c8loOjSyOf2RZVLcGnpklqSLqOQ%3D\u0026sid=c4c9725f-1ab0-44d8-820f-430df2718e11\u0026ts=1753431275"}],"max_age":3600}
Reporting-Endpoints: heroku-nel="https://nel.heroku.com/reports?s=9JqYdt4ZA%2FJkIMz5c8loOjSyOf2RZVLcGnpklqSLqOQ%3D&sid=c4c9725f-1ab0-44d8-820f-430df2718e11&ts=1753431275"
Via: 1.1 heroku-router
X-Content-Type-Options: nosniff
X-Frame-Options: DENY
X-Request-Id: 60abc955-384f-9e27-f2dc-f9f8e141e932
X-Xss-Protection: 1; mode=block
cf-cache-status: DYNAMIC
Server: cloudflare
server-timing: cfL4;desc="?proto=TCP&rtt=54885&min_rtt=54885&rtt_var=27442&sent=7&recv=7&lost=0&retrans=1&sent_bytes=3492&recv_bytes=937&delivery_rate=23776&cwnd=252&unsent_bytes=0&cid=ef4b407be621f924&ts=836&x=0"

{
    "name": "Kimberlee",
    "job": "Future IT Developer",
    "id": "659",
    "createdAt": "2025-07-25T08:14:35.007Z"
}
659
]]></system-out>
    <system-err><![CDATA[log4j:WARN No appenders could be found for logger (org.apache.http.impl.conn.BasicClientConnectionManager).
log4j:WARN Please initialize the log4j system properly.
log4j:WARN See http://logging.apache.org/log4j/1.2/faq.html#noconfig for more info.
]]></system-err>
  </testcase>
  <testcase name="testGetUser" classname="api.test.UserTest" time="0.316">
    <system-out><![CDATA[HTTP/1.1 200 OK
Date: Fri, 25 Jul 2025 08:14:36 GMT
Content-Type: application/json; charset=utf-8
Transfer-Encoding: chunked
Connection: keep-alive
Content-Encoding: gzip
Access-Control-Allow-Origin: *
etag: W/"152-ApQgGHL6RKwaebFlrPCYPBO1xHg"
Nel: {"report_to":"heroku-nel","response_headers":["Via"],"max_age":3600,"success_fraction":0.01,"failure_fraction":0.1}
Ratelimit-Limit: 100
Ratelimit-Policy: 100;w=60
Ratelimit-Remaining: 98
Ratelimit-Reset: 60
Referrer-Policy: strict-origin-when-cross-origin
Report-To: {"group":"heroku-nel","endpoints":[{"url":"https://nel.heroku.com/reports?s=FPL39%2FlSbO7atEX6HElw3ZSji5ociDFVMkBdCqjq4As%3D\u0026sid=c4c9725f-1ab0-44d8-820f-430df2718e11\u0026ts=1753412656"}],"max_age":3600}
Reporting-Endpoints: heroku-nel="https://nel.heroku.com/reports?s=FPL39%2FlSbO7atEX6HElw3ZSji5ociDFVMkBdCqjq4As%3D&sid=c4c9725f-1ab0-44d8-820f-430df2718e11&ts=1753412656"
Via: 1.1 heroku-router
X-Content-Type-Options: nosniff
X-Frame-Options: DENY
X-Request-Id: a4142bc7-f3a0-c128-e717-21b0187390b6
X-Xss-Protection: 1; mode=block
Age: 4133
Cache-Control: max-age=14400
cf-cache-status: HIT
Vary: Accept-Encoding
Server: cloudflare
CF-RAY: 964a34658b21c87a-MAA
server-timing: cfL4;desc="?proto=TCP&rtt=44925&min_rtt=44511&rtt_var=16988&sent=5&recv=6&lost=0&retrans=0&sent_bytes=3107&recv_bytes=773&delivery_rate=91662&cwnd=252&unsent_bytes=0&cid=2dab2214d1cb5a18&ts=89&x=0"

{
    "data": {
        "id": 2,
        "email": "janet.weaver@reqres.in",
        "first_name": "Janet",
        "last_name": "Weaver",
        "avatar": "https://reqres.in/img/faces/2-image.jpg"
    },
    "support": {
        "url": "https://contentcaddy.io?utm_source=reqres&utm_medium=json&utm_campaign=referral",
        "text": "Tired of writing endless social media content? Let Content Caddy generate it for you."
    }
}
]]></system-out>
  </testcase>
  <testcase name="testUpdateUser" classname="api.test.UserTest" time="0.685">
    <system-out><![CDATA[HTTP/1.1 200 OK
Date: Fri, 25 Jul 2025 08:14:37 GMT
Content-Type: application/json; charset=utf-8
Transfer-Encoding: chunked
Connection: keep-alive
Content-Encoding: gzip
Access-Control-Allow-Origin: *
Etag: W/"51-R6c4ajvFpIjcoKx67vIzOvlhhog"
Nel: {"report_to":"heroku-nel","response_headers":["Via"],"max_age":3600,"success_fraction":0.01,"failure_fraction":0.1}
Ratelimit-Limit: 100
Ratelimit-Policy: 100;w=60
Ratelimit-Remaining: 96
Ratelimit-Reset: 59
Referrer-Policy: strict-origin-when-cross-origin
Report-To: {"group":"heroku-nel","endpoints":[{"url":"https://nel.heroku.com/reports?s=b9ETKgjpN5A9u0Cs4DppkVmxtakYaok5lR%2B9mU7ClDw%3D\u0026sid=c4c9725f-1ab0-44d8-820f-430df2718e11\u0026ts=1753431276"}],"max_age":3600}
Reporting-Endpoints: heroku-nel="https://nel.heroku.com/reports?s=b9ETKgjpN5A9u0Cs4DppkVmxtakYaok5lR%2B9mU7ClDw%3D&sid=c4c9725f-1ab0-44d8-820f-430df2718e11&ts=1753431276"
Via: 1.1 heroku-router
X-Content-Type-Options: nosniff
X-Frame-Options: DENY
X-Request-Id: 5363ebb5-b8b8-c01a-a23b-5862533c5474
X-Xss-Protection: 1; mode=block
cf-cache-status: DYNAMIC
Vary: Accept-Encoding
Server: cloudflare
CF-RAY: 964a346708b67efd-MAA
server-timing: cfL4;desc="?proto=TCP&rtt=50480&min_rtt=50047&rtt_var=19635&sent=5&recv=6&lost=0&retrans=0&sent_bytes=3107&recv_bytes=932&delivery_rate=76238&cwnd=252&unsent_bytes=0&cid=981f4aa6134cecd5&ts=428&x=0"

{
    "name": "Donte Orn",
    "job": "Senior Tester",
    "updatedAt": "2025-07-25T08:14:36.918Z"
}
]]></system-out>
  </testcase>
  <testcase name="testDeleteUser" classname="api.test.UserTest" time="0.722">
    <system-out><![CDATA[HTTP/1.1 204 No Content
Date: Fri, 25 Jul 2025 08:14:37 GMT
Connection: keep-alive
CF-RAY: 964a346b1c6c8016-MAA
Access-Control-Allow-Origin: *
Etag: W/"2-vyGp6PvFo4RvsFtPoIWeCReyIC8"
Nel: {"report_to":"heroku-nel","response_headers":["Via"],"max_age":3600,"success_fraction":0.01,"failure_fraction":0.1}
Ratelimit-Limit: 100
Ratelimit-Policy: 100;w=60
Ratelimit-Remaining: 94
Ratelimit-Reset: 58
Referrer-Policy: strict-origin-when-cross-origin
Report-To: {"group":"heroku-nel","endpoints":[{"url":"https://nel.heroku.com/reports?s=uA7j40DGafNV6XmIU%2BEjGkYmdYxVmwSyFcXlmJ%2Bt9ws%3D\u0026sid=c4c9725f-1ab0-44d8-820f-430df2718e11\u0026ts=1753431277"}],"max_age":3600}
Reporting-Endpoints: heroku-nel="https://nel.heroku.com/reports?s=uA7j40DGafNV6XmIU%2BEjGkYmdYxVmwSyFcXlmJ%2Bt9ws%3D&sid=c4c9725f-1ab0-44d8-820f-430df2718e11&ts=1753431277"
Via: 1.1 heroku-router
X-Content-Type-Options: nosniff
X-Frame-Options: DENY
X-Request-Id: 30488786-9e30-581a-7d12-57100a66a1ec
X-Xss-Protection: 1; mode=block
cf-cache-status: DYNAMIC
Server: cloudflare
server-timing: cfL4;desc="?proto=TCP&rtt=40390&min_rtt=39993&rtt_var=15792&sent=5&recv=6&lost=0&retrans=0&sent_bytes=3106&recv_bytes=776&delivery_rate=94503&cwnd=252&unsent_bytes=0&cid=0f05a62ab3d2cbd3&ts=404&x=0"
]]></system-out>
  </testcase>
</testsuite>