<?xml version="1.0" encoding="UTF-8"?>
<!-- Generated by org.testng.reporters.JUnitReportReporter -->
<testsuite hostname="MonikaYuvaraj" failures="0" tests="4" name="api.test.UserTest" time="6.184" errors="0" timestamp="2025-07-25T13:44:38 IST" skipped="0">
  <testcase classname="api.test.UserTest" name="testPostUser" time="4.466"/>
  <testcase classname="api.test.UserTest" name="testGetUser" time="0.313"/>
  <testcase classname="api.test.UserTest" name="testUpdateUser" time="0.687"/>
  <testcase classname="api.test.UserTest" name="testDeleteUser" time="0.718"/>
</testsuite> <!-- api.test.UserTest -->
